#
# A fatal error has been detected by the Java Runtime Environment:
#
#  EXCEPTION_ACCESS_VIOLATION (0xc0000005) at pc=0x00000000602b81cb, pid=3584, tid=10164
#
# JRE version: 7.0_25-b17
# Java VM: Java HotSpot(TM) 64-Bit Server VM (23.25-b01 mixed mode windows-amd64 compressed oops)
# Problematic frame:
# V  [jvm.dll+0x1181cb]
#
# Failed to write core dump. Minidumps are not enabled by default on client versions of Windows
#
# If you would like to submit a bug report, please visit:
#   http://bugreport.sun.com/bugreport/crash.jsp
#

---------------  T H R E A D  ---------------

Current thread (0x000000000ba90000):  JavaThread "JDWP Transport Listener: dt_socket" daemon [_thread_in_vm, id=10164, stack(0x000000000d750000,0x000000000d850000)]

siginfo: ExceptionCode=0xc0000005, reading address 0x0000000000000117

Registers:
RAX=0x000000000d84f201, RBX=0x000000000ba90000, RCX=0x0000000000000117, RDX=0x0000000000000000
RSP=0x000000000d84f1c0, RBP=0x0000000000000117, RSI=0x000000000d84f2d8, RDI=0x00000000023894f0
R8 =0x000000000ba90000, R9 =0x00001c2400270018, R10=0x0000000000000000, R11=0x000000000e3a0c36
R12=0x0000000000000000, R13=0x0000000000000000, R14=0x0000000000000000, R15=0x0000000000000000
RIP=0x00000000602b81cb, EFLAGS=0x0000000000010206

Top of Stack: (sp=0x000000000d84f1c0)
0x000000000d84f1c0:   000000000ba90000 000000000e3a00a0
0x000000000d84f1d0:   000000000d84f288 0000000060439649
0x000000000d84f1e0:   000000000ba90000 0000000060455012
0x000000000d84f1f0:   0000000000000000 000000006d008e7d
0x000000000d84f200:   000000000ba9f6e8 000000006d01264e
0x000000000d84f210:   000000000ba90000 0000000000000000
0x000000000d84f220:   0000000000000000 0000000000000000
0x000000000d84f230:   0000000000000117 000000006d011745
0x000000000d84f240:   000000000d84f2d8 000000000d84f2b0
0x000000000d84f250:   0000000000000001 000000000ba9f6e8
0x000000000d84f260:   0000000000000117 000000006cff53b3
0x000000000d84f270:   000000000d84f3a0 0000000000000001
0x000000000d84f280:   0000000000000001 000000000ba9f6e8
0x000000000d84f290:   0000000000000001 0000000000000000
0x000000000d84f2a0:   0000000000000000 0000000000000000
0x000000000d84f2b0:   0000000000000001 000000006cff5571 

Instructions: (pc=0x00000000602b81cb)
0x00000000602b81ab:   48 8b 5c 24 30 48 89 47 18 48 83 c4 20 5f c3 cc
0x00000000602b81bb:   cc cc cc cc cc 40 53 48 83 ec 20 48 85 c9 74 54
0x00000000602b81cb:   48 8b 19 48 85 db 74 4c 48 b8 fe fe fe fe fe fe
0x00000000602b81db:   fe fe 48 3b d8 74 3d 80 3d af 4b 58 00 00 74 15 


Register to memory mapping:

RAX=0x000000000d84f201 is pointing into the stack for thread: 0x000000000ba90000
RBX=0x000000000ba90000 is a thread
RCX=0x0000000000000117 is an unknown value
RDX=0x0000000000000000 is an unknown value
RSP=0x000000000d84f1c0 is pointing into the stack for thread: 0x000000000ba90000
RBP=0x0000000000000117 is an unknown value
RSI=0x000000000d84f2d8 is pointing into the stack for thread: 0x000000000ba90000
RDI=0x00000000023894f0 is an unknown value
R8 =0x000000000ba90000 is a thread
R9 =0x00001c2400270018 is an unknown value
R10=0x0000000000000000 is an unknown value
R11=0x000000000e3a0c36 is an unknown value
R12=0x0000000000000000 is an unknown value
R13=0x0000000000000000 is an unknown value
R14=0x0000000000000000 is an unknown value
R15=0x0000000000000000 is an unknown value


Stack: [0x000000000d750000,0x000000000d850000],  sp=0x000000000d84f1c0,  free space=1020k
Native frames: (J=compiled Java code, j=interpreted, Vv=VM code, C=native code)
V  [jvm.dll+0x1181cb]


---------------  P R O C E S S  ---------------

Java Threads: ( => current thread )
  0x000000000e215800 JavaThread "ReaderThread" [_thread_in_native, id=8640, stack(0x000000000e650000,0x000000000e750000)]
  0x000000000bab9800 JavaThread "Service Thread" daemon [_thread_blocked, id=10056, stack(0x000000000dff0000,0x000000000e0f0000)]
  0x000000000bab0800 JavaThread "C2 CompilerThread1" daemon [_thread_blocked, id=9664, stack(0x000000000de70000,0x000000000df70000)]
  0x000000000baad000 JavaThread "C2 CompilerThread0" daemon [_thread_blocked, id=8260, stack(0x000000000dca0000,0x000000000dda0000)]
  0x000000000baaa800 JavaThread "JDWP Command Reader" daemon [_thread_in_native, id=8960, stack(0x000000000dae0000,0x000000000dbe0000)]
  0x000000000ba9e000 JavaThread "JDWP Event Helper Thread" daemon [_thread_blocked, id=8736, stack(0x000000000d980000,0x000000000da80000)]
=>0x000000000ba90000 JavaThread "JDWP Transport Listener: dt_socket" daemon [_thread_in_vm, id=10164, stack(0x000000000d750000,0x000000000d850000)]
  0x000000000ba89800 JavaThread "Attach Listener" daemon [_thread_blocked, id=9876, stack(0x000000000cef0000,0x000000000cff0000)]
  0x000000000ba82000 JavaThread "Signal Dispatcher" daemon [_thread_blocked, id=9124, stack(0x000000000cc90000,0x000000000cd90000)]
  0x0000000002368000 JavaThread "Finalizer" daemon [_thread_blocked, id=5228, stack(0x000000000cda0000,0x000000000cea0000)]
  0x0000000002361800 JavaThread "Reference Handler" daemon [_thread_blocked, id=6712, stack(0x000000000cae0000,0x000000000cbe0000)]
  0x000000000238e800 JavaThread "main" [_thread_blocked, id=4152, stack(0x0000000002400000,0x0000000002500000)]

Other Threads:
  0x000000000ba01800 VMThread [stack: 0x000000000c9c0000,0x000000000cac0000] [id=6428]
  0x000000000baca800 WatcherThread [stack: 0x000000000d610000,0x000000000d710000] [id=9368]

VM state:not at safepoint (normal execution)

VM Mutex/Monitor currently owned by a thread: None

Heap
 PSYoungGen      total 38080K, used 5233K [0x00000007d58b0000, 0x00000007d8320000, 0x0000000800000000)
  eden space 32704K, 16% used [0x00000007d58b0000,0x00000007d5dcc7b0,0x00000007d78a0000)
  from space 5376K, 0% used [0x00000007d7de0000,0x00000007d7de0000,0x00000007d8320000)
  to   space 5376K, 0% used [0x00000007d78a0000,0x00000007d78a0000,0x00000007d7de0000)
 ParOldGen       total 86976K, used 0K [0x0000000780a00000, 0x0000000785ef0000, 0x00000007d58b0000)
  object space 86976K, 0% used [0x0000000780a00000,0x0000000780a00000,0x0000000785ef0000)
 PSPermGen       total 21248K, used 5876K [0x000000077b800000, 0x000000077ccc0000, 0x0000000780a00000)
  object space 21248K, 27% used [0x000000077b800000,0x000000077bdbd030,0x000000077ccc0000)

Card table byte_map: [0x0000000005680000,0x0000000005ab0000] byte_map_base: 0x0000000001aa4000

Polling page: 0x0000000000230000

Code Cache  [0x00000000025c0000, 0x0000000002830000, 0x00000000055c0000)
 total_blobs=243 nmethods=22 adapters=181 free_code_cache=48699Kb largest_free_block=49848256

Compilation events (10 events):
Event: 0.219 Thread 0x000000000bab0800 nmethod 17 0x000000000262b950 code [0x000000000262baa0, 0x000000000262bbd8]
Event: 0.219 Thread 0x000000000bab0800   18             java.lang.CharacterDataLatin1::toLowerCase (39 bytes)
Event: 0.220 Thread 0x000000000bab0800 nmethod 18 0x0000000002628ad0 code [0x0000000002628c00, 0x0000000002628cd8]
Event: 0.220 Thread 0x000000000bab0800   19             java.lang.String::toLowerCase (472 bytes)
Event: 0.221 Thread 0x000000000baad000 nmethod 16 0x000000000262cfd0 code [0x000000000262d120, 0x000000000262d418]
Event: 0.221 Thread 0x000000000baad000   20             java.lang.AbstractStringBuilder::ensureCapacityInternal (16 bytes)
Event: 0.223 Thread 0x000000000baad000 nmethod 20 0x000000000262ca90 code [0x000000000262cbe0, 0x000000000262ce38]
Event: 0.233 Thread 0x000000000bab0800 nmethod 19 0x0000000002631a10 code [0x0000000002631c20, 0x0000000002632f00]
Event: 0.239 Thread 0x000000000baad000   22             sun.net.www.ParseUtil::encodePath (336 bytes)
Event: 0.254 Thread 0x000000000baad000 nmethod 22 0x0000000002633f50 code [0x00000000026341a0, 0x0000000002635498]

GC Heap History (0 events):
No events

Deoptimization events (0 events):
No events

Internal exceptions (10 events):
Event: 0.249 Thread 0x000000000238e800 Threw 0x00000007d5d93648 at C:\jdk7u2_64p\jdk7u25\hotspot\src\share\vm\prims\jvm.cpp:1235
Event: 0.250 Thread 0x000000000238e800 Threw 0x00000007d5d97f70 at C:\jdk7u2_64p\jdk7u25\hotspot\src\share\vm\prims\jvm.cpp:1235
Event: 0.250 Thread 0x000000000238e800 Threw 0x00000007d5d9d320 at C:\jdk7u2_64p\jdk7u25\hotspot\src\share\vm\prims\jvm.cpp:1235
Event: 0.251 Thread 0x000000000238e800 Threw 0x00000007d5da0020 at C:\jdk7u2_64p\jdk7u25\hotspot\src\share\vm\prims\jvm.cpp:1235
Event: 0.251 Thread 0x000000000238e800 Threw 0x00000007d5da4000 at C:\jdk7u2_64p\jdk7u25\hotspot\src\share\vm\prims\jvm.cpp:1235
Event: 0.251 Thread 0x000000000238e800 Threw 0x00000007d5da75a0 at C:\jdk7u2_64p\jdk7u25\hotspot\src\share\vm\prims\jvm.cpp:1235
Event: 0.252 Thread 0x000000000238e800 Threw 0x00000007d5dab0d8 at C:\jdk7u2_64p\jdk7u25\hotspot\src\share\vm\prims\jvm.cpp:1235
Event: 0.252 Thread 0x000000000238e800 Threw 0x00000007d5dade70 at C:\jdk7u2_64p\jdk7u25\hotspot\src\share\vm\prims\jvm.cpp:1235
Event: 0.253 Thread 0x000000000238e800 Threw 0x00000007d5db1da0 at C:\jdk7u2_64p\jdk7u25\hotspot\src\share\vm\prims\jvm.cpp:1235
Event: 0.253 Thread 0x000000000238e800 Threw 0x00000007d5db5710 at C:\jdk7u2_64p\jdk7u25\hotspot\src\share\vm\prims\jvm.cpp:1235

Events (10 events):
Event: 1500.536 Executing VM operation: ChangeBreakpoints
Event: 1500.536 Executing VM operation: ChangeBreakpoints done
Event: 1500.539 Executing VM operation: ChangeBreakpoints
Event: 1500.539 Executing VM operation: ChangeBreakpoints done
Event: 1500.542 Executing VM operation: ChangeBreakpoints
Event: 1500.542 Executing VM operation: ChangeBreakpoints done
Event: 1500.546 Executing VM operation: ChangeBreakpoints
Event: 1500.546 Executing VM operation: ChangeBreakpoints done
Event: 1500.549 Executing VM operation: ChangeBreakpoints
Event: 1500.549 Executing VM operation: ChangeBreakpoints done


Dynamic libraries:
0x000000013f8c0000 - 0x000000013f8f3000 	C:\Program Files\Java\jdk1.7.0_25\bin\javaw.exe
0x0000000077b50000 - 0x0000000077cf9000 	C:\Windows\SYSTEM32\ntdll.dll
0x0000000077930000 - 0x0000000077a4f000 	C:\Windows\system32\kernel32.dll
0x000007fefda50000 - 0x000007fefdabb000 	C:\Windows\system32\KERNELBASE.dll
0x000007feff640000 - 0x000007feff71b000 	C:\Windows\system32\ADVAPI32.dll
0x000007feff9e0000 - 0x000007feffa7f000 	C:\Windows\system32\msvcrt.dll
0x000007fefdda0000 - 0x000007fefddbf000 	C:\Windows\SYSTEM32\sechost.dll
0x000007feffd30000 - 0x000007feffe5d000 	C:\Windows\system32\RPCRT4.dll
0x0000000077a50000 - 0x0000000077b4a000 	C:\Windows\system32\USER32.dll
0x000007fefe470000 - 0x000007fefe4d7000 	C:\Windows\system32\GDI32.dll
0x000007feff630000 - 0x000007feff63e000 	C:\Windows\system32\LPK.dll
0x000007fefe3a0000 - 0x000007fefe469000 	C:\Windows\system32\USP10.dll
0x000007fefc300000 - 0x000007fefc4f4000 	C:\Windows\WinSxS\amd64_microsoft.windows.common-controls_6595b64144ccf1df_6.0.7601.17514_none_fa396087175ac9ac\COMCTL32.dll
0x000007fefe320000 - 0x000007fefe391000 	C:\Windows\system32\SHLWAPI.dll
0x000007fefe2f0000 - 0x000007fefe31e000 	C:\Windows\system32\IMM32.DLL
0x000007feff4d0000 - 0x000007feff5d9000 	C:\Windows\system32\MSCTF.dll
0x0000000079240000 - 0x0000000079311000 	C:\Program Files\Java\jdk1.7.0_25\jre\bin\msvcr100.dll
0x00000000601a0000 - 0x00000000608af000 	C:\Program Files\Java\jdk1.7.0_25\jre\bin\server\jvm.dll
0x000007fefa2c0000 - 0x000007fefa2c9000 	C:\Windows\system32\WSOCK32.dll
0x000007feff5e0000 - 0x000007feff62d000 	C:\Windows\system32\WS2_32.dll
0x000007fefdd90000 - 0x000007fefdd98000 	C:\Windows\system32\NSI.dll
0x000007fefb6d0000 - 0x000007fefb70b000 	C:\Windows\system32\WINMM.dll
0x0000000077d10000 - 0x0000000077d17000 	C:\Windows\system32\PSAPI.DLL
0x0000000073f20000 - 0x0000000073f2f000 	C:\Program Files\Java\jdk1.7.0_25\jre\bin\verify.dll
0x00000000677e0000 - 0x0000000067808000 	C:\Program Files\Java\jdk1.7.0_25\jre\bin\java.dll
0x000000006cff0000 - 0x000000006d025000 	C:\Program Files\Java\jdk1.7.0_25\jre\bin\jdwp.dll
0x000000006dfb0000 - 0x000000006dfb8000 	C:\Program Files\Java\jdk1.7.0_25\jre\bin\npt.dll
0x0000000068ed0000 - 0x0000000068ee5000 	C:\Program Files\Java\jdk1.7.0_25\jre\bin\zip.dll
0x000000006ca50000 - 0x000000006ca59000 	C:\Program Files\Java\jdk1.7.0_25\jre\bin\dt_socket.dll
0x000007fefb9b0000 - 0x000007fefb9c5000 	C:\Windows\system32\NLAapi.dll
0x000007fef5090000 - 0x000007fef50a5000 	C:\Windows\system32\napinsp.dll
0x000007fef5070000 - 0x000007fef5089000 	C:\Windows\system32\pnrpnsp.dll
0x000007fefd120000 - 0x000007fefd175000 	C:\Windows\System32\mswsock.dll
0x000007fefcfb0000 - 0x000007fefd00b000 	C:\Windows\system32\DNSAPI.dll
0x000007fef5060000 - 0x000007fef506b000 	C:\Windows\System32\winrnr.dll
0x000007fefb840000 - 0x000007fefb867000 	C:\Windows\system32\IPHLPAPI.DLL
0x000007fefb820000 - 0x000007fefb82b000 	C:\Windows\system32\WINNSI.DLL
0x000007fefac80000 - 0x000007fefacd3000 	C:\Windows\System32\fwpuclnt.dll
0x000007fefa1a0000 - 0x000007fefa1a8000 	C:\Windows\system32\rasadhlp.dll
0x000007fefcb30000 - 0x000007fefcb37000 	C:\Windows\System32\wshtcpip.dll
0x00000000677c0000 - 0x00000000677d9000 	C:\Program Files\Java\jdk1.7.0_25\jre\bin\net.dll
0x000007fefd6f0000 - 0x000007fefd6f7000 	C:\Windows\System32\wship6.dll
0x000007fef3d80000 - 0x000007fef3ea5000 	C:\Windows\system32\dbghelp.dll

VM Arguments:
jvm_args: -agentlib:jdwp=transport=dt_socket,suspend=y,address=localhost:57039 -Dfile.encoding=Cp1252 
java_command: org.eclipse.jdt.internal.junit.runner.RemoteTestRunner -version 3 -port 57038 -testLoaderClass org.eclipse.jdt.internal.junit4.runner.JUnit4TestLoader -loaderpluginname org.eclipse.jdt.junit4.runtime -classNames CommonTester.ByteListTester
Launcher Type: SUN_STANDARD

Environment Variables:
CLASSPATH=.;C:\PROGRA~2\JMF21~1.1E\lib\sound.jar;C:\PROGRA~2\JMF21~1.1E\lib\jmf.jar;C:\PROGRA~2\JMF21~1.1E\lib;\C:\Program Files (x86)\JMF2.1.1e\lib\fobs4jmf.jar;
PATH=C:\Program Files\Java\jdk1.7.0_25\jre\bin;C:/Program Files/Java/jdk1.7.0_25/bin/../jre/bin/server;C:/Program Files/Java/jdk1.7.0_25/bin/../jre/bin;C:/Program Files/Java/jdk1.7.0_25/bin/../jre/lib/amd64;C:\Program Files\Java\jdk1.7.0_25\bin;C:\Program Files\Microsoft SQL Server\110\Tools\Binn\;C:\Users\Quentin Mayo\Desktop\Eclipse;
USERNAME=Quentin Mayo
OS=Windows_NT
PROCESSOR_IDENTIFIER=Intel64 Family 6 Model 42 Stepping 7, GenuineIntel



---------------  S Y S T E M  ---------------

OS: Windows 7 , 64 bit Build 7601 Service Pack 1

CPU:total 4 (4 cores per cpu, 1 threads per core) family 6 model 42 stepping 7, cmov, cx8, fxsr, mmx, sse, sse2, sse3, ssse3, sse4.1, sse4.2, popcnt, avx, tsc, tscinvbit

Memory: 4k page, physical 8344472k(4172128k free), swap 16687080k(11392376k free)

vm_info: Java HotSpot(TM) 64-Bit Server VM (23.25-b01) for windows-amd64 JRE (1.7.0_25-b17), built on Jun 21 2013 12:58:32 by "java_re" with unknown MS VC++:1600

time: Sat Feb 22 12:18:33 2014
elapsed time: 1500 seconds

