#
# A fatal error has been detected by the Java Runtime Environment:
#
#  EXCEPTION_ACCESS_VIOLATION (0xc0000005) at pc=0x000000005da27ce9, pid=7944, tid=5356
#
# JRE version: 7.0_25-b17
# Java VM: Java HotSpot(TM) 64-Bit Server VM (23.25-b01 mixed mode windows-amd64 compressed oops)
# Problematic frame:
# V  [jvm.dll+0x37ce9]
#
# Failed to write core dump. Minidumps are not enabled by default on client versions of Windows
#
# If you would like to submit a bug report, please visit:
#   http://bugreport.sun.com/bugreport/crash.jsp
#

---------------  T H R E A D  ---------------

Current thread (0x000000000b8fa800):  JavaThread "JDWP Transport Listener: dt_socket" daemon [_thread_in_vm, id=5356, stack(0x000000000d110000,0x000000000d210000)]

siginfo: ExceptionCode=0xc0000005, reading address 0x000000000000000c

Registers:
RAX=0x000000000000000c, RBX=0x000000000b8fa800, RCX=0x0000000000000003, RDX=0x0000000000000000
RSP=0x000000000d20f7b0, RBP=0x000000000000000c, RSI=0x0000000000000000, RDI=0x0000000000000010
R8 =0x00000007d5db9e48, R9 =0x0000000000000000, R10=0x0000000000000000, R11=0x0000000000000001
R12=0x0000000000000000, R13=0x0000000000000000, R14=0x0000000000000000, R15=0x0000000000000000
RIP=0x000000005da27ce9, EFLAGS=0x0000000000010246

Top of Stack: (sp=0x000000000d20f7b0)
0x000000000d20f7b0:   000000000b8fa800 0000000000000000
0x000000000d20f7c0:   0000000000000000 000000000b8fa800
0x000000000d20f7d0:   0000000000000000 000000005dae2e14
0x000000000d20f7e0:   00000007d5db9e48 000000000d20f900
0x000000000d20f7f0:   000000000b866308 000000000d20f8d0
0x000000000d20f800:   000000000b8fa800 0000000000000000
0x000000000d20f810:   000000000b866308 000000000d20f900
0x000000000d20f820:   0000000000000000 0000000000000000
0x000000000d20f830:   000000000b8fa9d8 00000000778d7d15
0x000000000d20f840:   000000000d20f8d0 000000000d20f900
0x000000000d20f850:   000000000b866308 000000000b8fa9d8
0x000000000d20f860:   000000000e0c3e0a 00000000778df09c
0x000000000d20f870:   000000005d010a01 000000000d20f970
0x000000000d20f880:   000000000b8e5301 000000000e0c3e09
0x000000000d20f890:   000058d500000013 000000005d010a00
0x000000000d20f8a0:   000000000238d0b0 0000000000000000 

Instructions: (pc=0x000000005da27ce9)
0x000000005da27cc9:   d2 48 8b c5 eb 18 48 8b d0 48 8b c5 48 d3 e2 48
0x000000005da27cd9:   03 15 31 38 61 00 eb 06 48 8b 12 48 8b c7 48 98
0x000000005da27ce9:   8b 14 10 85 d2 74 2a 45 84 db 4c 63 c6 48 0f 45
0x000000005da27cf9:   fd 8d 47 0b 48 63 c8 48 83 e1 f8 48 c1 e9 03 8d 


Register to memory mapping:

RAX=0x000000000000000c is an unknown value
RBX=0x000000000b8fa800 is a thread
RCX=0x0000000000000003 is an unknown value
RDX=0x0000000000000000 is an unknown value
RSP=0x000000000d20f7b0 is pointing into the stack for thread: 0x000000000b8fa800
RBP=0x000000000000000c is an unknown value
RSI=0x0000000000000000 is an unknown value
RDI=0x0000000000000010 is an unknown value
R8 =0x00000007d5db9e48 is an oop
java.lang.String 
 - klass: 'java/lang/String'
R9 =0x0000000000000000 is an unknown value
R10=0x0000000000000000 is an unknown value
R11=0x0000000000000001 is an unknown value
R12=0x0000000000000000 is an unknown value
R13=0x0000000000000000 is an unknown value
R14=0x0000000000000000 is an unknown value
R15=0x0000000000000000 is an unknown value


Stack: [0x000000000d110000,0x000000000d210000],  sp=0x000000000d20f7b0,  free space=1021k
Native frames: (J=compiled Java code, j=interpreted, Vv=VM code, C=native code)
V  [jvm.dll+0x37ce9]


---------------  P R O C E S S  ---------------

Java Threads: ( => current thread )
  0x000000000dea3000 JavaThread "ReaderThread" [_thread_in_native, id=8016, stack(0x000000000e2b0000,0x000000000e3b0000)]
  0x000000000b911000 JavaThread "Service Thread" daemon [_thread_blocked, id=8148, stack(0x000000000d9c0000,0x000000000dac0000)]
  0x000000000b910800 JavaThread "C2 CompilerThread1" daemon [_thread_blocked, id=8112, stack(0x000000000db00000,0x000000000dc00000)]
  0x000000000b90a800 JavaThread "C2 CompilerThread0" daemon [_thread_blocked, id=7940, stack(0x000000000d300000,0x000000000d400000)]
  0x000000000b908800 JavaThread "JDWP Command Reader" daemon [_thread_in_native, id=6564, stack(0x000000000d870000,0x000000000d970000)]
  0x000000000b8fb800 JavaThread "JDWP Event Helper Thread" daemon [_thread_blocked, id=6140, stack(0x000000000d720000,0x000000000d820000)]
=>0x000000000b8fa800 JavaThread "JDWP Transport Listener: dt_socket" daemon [_thread_in_vm, id=5356, stack(0x000000000d110000,0x000000000d210000)]
  0x000000000b8eb000 JavaThread "Attach Listener" daemon [_thread_blocked, id=3044, stack(0x000000000ca40000,0x000000000cb40000)]
  0x000000000b8e3800 JavaThread "Signal Dispatcher" daemon [_thread_blocked, id=7120, stack(0x0000000001d00000,0x0000000001e00000)]
  0x0000000002448000 JavaThread "Finalizer" daemon [_thread_blocked, id=5800, stack(0x000000000cb60000,0x000000000cc60000)]
  0x0000000002441800 JavaThread "Reference Handler" daemon [_thread_blocked, id=5124, stack(0x000000000c930000,0x000000000ca30000)]
  0x00000000002de800 JavaThread "main" [_thread_blocked, id=8120, stack(0x00000000024f0000,0x00000000025f0000)]

Other Threads:
  0x000000000b85f800 VMThread [stack: 0x000000000c760000,0x000000000c860000] [id=7624]
  0x000000000b931800 WatcherThread [stack: 0x000000000dd30000,0x000000000de30000] [id=2368]

VM state:not at safepoint (normal execution)

VM Mutex/Monitor currently owned by a thread: None

Heap
 PSYoungGen      total 38080K, used 5237K [0x00000007d58b0000, 0x00000007d8320000, 0x0000000800000000)
  eden space 32704K, 16% used [0x00000007d58b0000,0x00000007d5dcd4f0,0x00000007d78a0000)
  from space 5376K, 0% used [0x00000007d7de0000,0x00000007d7de0000,0x00000007d8320000)
  to   space 5376K, 0% used [0x00000007d78a0000,0x00000007d78a0000,0x00000007d7de0000)
 ParOldGen       total 86976K, used 0K [0x0000000780a00000, 0x0000000785ef0000, 0x00000007d58b0000)
  object space 86976K, 0% used [0x0000000780a00000,0x0000000780a00000,0x0000000785ef0000)
 PSPermGen       total 21248K, used 5677K [0x000000077b800000, 0x000000077ccc0000, 0x0000000780a00000)
  object space 21248K, 26% used [0x000000077b800000,0x000000077bd8b640,0x000000077ccc0000)

Card table byte_map: [0x00000000055f0000,0x0000000005a20000] byte_map_base: 0x0000000001a14000

Polling page: 0x0000000000240000

Code Cache  [0x00000000025f0000, 0x0000000002860000, 0x00000000055f0000)
 total_blobs=243 nmethods=22 adapters=181 free_code_cache=48698Kb largest_free_block=49845056

Compilation events (10 events):
Event: 0.215 Thread 0x000000000b910800 nmethod 17 0x000000000265c5d0 code [0x000000000265c720, 0x000000000265c858]
Event: 0.215 Thread 0x000000000b910800   18             java.lang.CharacterDataLatin1::toLowerCase (39 bytes)
Event: 0.216 Thread 0x000000000b910800 nmethod 18 0x0000000002658410 code [0x0000000002658540, 0x0000000002658618]
Event: 0.216 Thread 0x000000000b910800   19             java.lang.String::toLowerCase (472 bytes)
Event: 0.218 Thread 0x000000000b90a800 nmethod 16 0x0000000002659150 code [0x00000000026592a0, 0x0000000002659598]
Event: 0.223 Thread 0x000000000b90a800   21             java.lang.AbstractStringBuilder::ensureCapacityInternal (16 bytes)
Event: 0.225 Thread 0x000000000b90a800 nmethod 21 0x000000000265c010 code [0x000000000265c160, 0x000000000265c3b8]
Event: 0.230 Thread 0x000000000b910800 nmethod 19 0x000000000265fc50 code [0x000000000265fe60, 0x0000000002661140]
Event: 0.237 Thread 0x000000000b90a800   22             sun.net.www.ParseUtil::encodePath (336 bytes)
Event: 0.253 Thread 0x000000000b90a800 nmethod 22 0x0000000002664bd0 code [0x0000000002664e20, 0x0000000002666118]

GC Heap History (0 events):
No events

Deoptimization events (0 events):
No events

Internal exceptions (10 events):
Event: 0.248 Thread 0x00000000002de800 Threw 0x00000007d5d83710 at C:\jdk7u2_64p\jdk7u25\hotspot\src\share\vm\prims\jvm.cpp:1235
Event: 0.249 Thread 0x00000000002de800 Threw 0x00000007d5d88ac0 at C:\jdk7u2_64p\jdk7u25\hotspot\src\share\vm\prims\jvm.cpp:1235
Event: 0.249 Thread 0x00000000002de800 Threw 0x00000007d5d8b7c0 at C:\jdk7u2_64p\jdk7u25\hotspot\src\share\vm\prims\jvm.cpp:1235
Event: 0.249 Thread 0x00000000002de800 Threw 0x00000007d5d8f7a0 at C:\jdk7u2_64p\jdk7u25\hotspot\src\share\vm\prims\jvm.cpp:1235
Event: 0.250 Thread 0x00000000002de800 Threw 0x00000007d5d92d40 at C:\jdk7u2_64p\jdk7u25\hotspot\src\share\vm\prims\jvm.cpp:1235
Event: 0.250 Thread 0x00000000002de800 Threw 0x00000007d5d96878 at C:\jdk7u2_64p\jdk7u25\hotspot\src\share\vm\prims\jvm.cpp:1235
Event: 0.250 Thread 0x00000000002de800 Threw 0x00000007d5d99610 at C:\jdk7u2_64p\jdk7u25\hotspot\src\share\vm\prims\jvm.cpp:1235
Event: 0.251 Thread 0x00000000002de800 Threw 0x00000007d5d9d540 at C:\jdk7u2_64p\jdk7u25\hotspot\src\share\vm\prims\jvm.cpp:1235
Event: 0.251 Thread 0x00000000002de800 Threw 0x00000007d5da0eb0 at C:\jdk7u2_64p\jdk7u25\hotspot\src\share\vm\prims\jvm.cpp:1235
Event: 53.619 Thread 0x00000000002de800 Threw 0x00000007d5db58e0 at C:\jdk7u2_64p\jdk7u25\hotspot\src\share\vm\prims\jvm.cpp:1235

Events (10 events):
Event: 85.128 Executing VM operation: EnterInterpOnlyMode
Event: 85.128 Executing VM operation: EnterInterpOnlyMode done
Event: 85.128 Executing VM operation: GetCurrentLocation
Event: 85.128 Executing VM operation: GetCurrentLocation done
Event: 85.128 Executing VM operation: ChangeSingleStep
Event: 85.128 Executing VM operation: ChangeSingleStep done
Event: 85.129 Executing VM operation: ChangeSingleStep
Event: 85.129 Executing VM operation: ChangeSingleStep done
Event: 85.130 Executing VM operation: GetOrSetLocal
Event: 85.130 Executing VM operation: GetOrSetLocal done


Dynamic libraries:
0x000000013f810000 - 0x000000013f843000 	C:\Program Files\Java\jdk1.7.0_25\bin\javaw.exe
0x0000000077520000 - 0x00000000776c9000 	C:\Windows\SYSTEM32\ntdll.dll
0x0000000077400000 - 0x000000007751f000 	C:\Windows\system32\kernel32.dll
0x000007fefd4b0000 - 0x000007fefd51b000 	C:\Windows\system32\KERNELBASE.dll
0x000007fefdc60000 - 0x000007fefdd3b000 	C:\Windows\system32\ADVAPI32.dll
0x000007fefed30000 - 0x000007fefedcf000 	C:\Windows\system32\msvcrt.dll
0x000007feff080000 - 0x000007feff09f000 	C:\Windows\SYSTEM32\sechost.dll
0x000007fefec00000 - 0x000007fefed2d000 	C:\Windows\system32\RPCRT4.dll
0x0000000077300000 - 0x00000000773fa000 	C:\Windows\system32\USER32.dll
0x000007feff7c0000 - 0x000007feff827000 	C:\Windows\system32\GDI32.dll
0x000007feff1b0000 - 0x000007feff1be000 	C:\Windows\system32\LPK.dll
0x000007fefdda0000 - 0x000007fefde69000 	C:\Windows\system32\USP10.dll
0x000007fefbbc0000 - 0x000007fefbdb4000 	C:\Windows\WinSxS\amd64_microsoft.windows.common-controls_6595b64144ccf1df_6.0.7601.17514_none_fa396087175ac9ac\COMCTL32.dll
0x000007fefdbe0000 - 0x000007fefdc51000 	C:\Windows\system32\SHLWAPI.dll
0x000007feff780000 - 0x000007feff7ae000 	C:\Windows\system32\IMM32.DLL
0x000007feff0a0000 - 0x000007feff1a9000 	C:\Windows\system32\MSCTF.dll
0x0000000078a30000 - 0x0000000078b01000 	C:\Program Files\Java\jdk1.7.0_25\jre\bin\msvcr100.dll
0x000000005d9f0000 - 0x000000005e0ff000 	C:\Program Files\Java\jdk1.7.0_25\jre\bin\server\jvm.dll
0x000007fefa200000 - 0x000007fefa209000 	C:\Windows\system32\WSOCK32.dll
0x000007feff480000 - 0x000007feff4cd000 	C:\Windows\system32\WS2_32.dll
0x000007feff7b0000 - 0x000007feff7b8000 	C:\Windows\system32\NSI.dll
0x000007fefb0a0000 - 0x000007fefb0db000 	C:\Windows\system32\WINMM.dll
0x00000000776f0000 - 0x00000000776f7000 	C:\Windows\system32\PSAPI.DLL
0x0000000071750000 - 0x000000007175f000 	C:\Program Files\Java\jdk1.7.0_25\jre\bin\verify.dll
0x00000000687b0000 - 0x00000000687d8000 	C:\Program Files\Java\jdk1.7.0_25\jre\bin\java.dll
0x00000000778d0000 - 0x0000000077905000 	C:\Program Files\Java\jdk1.7.0_25\jre\bin\jdwp.dll
0x00000000778c0000 - 0x00000000778c8000 	C:\Program Files\Java\jdk1.7.0_25\jre\bin\npt.dll
0x0000000071390000 - 0x00000000713a5000 	C:\Program Files\Java\jdk1.7.0_25\jre\bin\zip.dll
0x000000006c400000 - 0x000000006c409000 	C:\Program Files\Java\jdk1.7.0_25\jre\bin\dt_socket.dll
0x000007fefc370000 - 0x000007fefc385000 	C:\Windows\system32\NLAapi.dll
0x000007fef5840000 - 0x000007fef5855000 	C:\Windows\system32\napinsp.dll
0x000007fef5820000 - 0x000007fef5839000 	C:\Windows\system32\pnrpnsp.dll
0x000007fefcae0000 - 0x000007fefcb35000 	C:\Windows\System32\mswsock.dll
0x000007fefc970000 - 0x000007fefc9cb000 	C:\Windows\system32\DNSAPI.dll
0x000007fef5810000 - 0x000007fef581b000 	C:\Windows\System32\winrnr.dll
0x000007fefb210000 - 0x000007fefb237000 	C:\Windows\system32\IPHLPAPI.DLL
0x000007fefb1f0000 - 0x000007fefb1fb000 	C:\Windows\system32\WINNSI.DLL
0x000007fefa650000 - 0x000007fefa6a3000 	C:\Windows\System32\fwpuclnt.dll
0x000007fef8210000 - 0x000007fef8218000 	C:\Windows\system32\rasadhlp.dll
0x000007fefc500000 - 0x000007fefc507000 	C:\Windows\System32\wshtcpip.dll
0x000000005fe80000 - 0x000000005fe99000 	C:\Program Files\Java\jdk1.7.0_25\jre\bin\net.dll
0x000007fefcc80000 - 0x000007fefcc87000 	C:\Windows\System32\wship6.dll
0x000007fef2730000 - 0x000007fef2855000 	C:\Windows\system32\dbghelp.dll

VM Arguments:
jvm_args: -agentlib:jdwp=transport=dt_socket,suspend=y,address=localhost:53381 -Dfile.encoding=Cp1252 
java_command: org.eclipse.jdt.internal.junit.runner.RemoteTestRunner -version 3 -port 53380 -testLoaderClass org.eclipse.jdt.internal.junit4.runner.JUnit4TestLoader -loaderpluginname org.eclipse.jdt.junit4.runtime -classNames CommonTester.ByteListTester
Launcher Type: SUN_STANDARD

Environment Variables:
CLASSPATH=.;C:\PROGRA~2\JMF21~1.1E\lib\sound.jar;C:\PROGRA~2\JMF21~1.1E\lib\jmf.jar;C:\PROGRA~2\JMF21~1.1E\lib;\C:\Program Files (x86)\JMF2.1.1e\lib\fobs4jmf.jar;
PATH=C:\Program Files\Java\jdk1.7.0_25\jre\bin;C:/Program Files/Java/jdk1.7.0_25/bin/../jre/bin/server;C:/Program Files/Java/jdk1.7.0_25/bin/../jre/bin;C:/Program Files/Java/jdk1.7.0_25/bin/../jre/lib/amd64;C:\Program Files\Java\jdk1.7.0_25\bin;C:\Program Files\Microsoft SQL Server\110\Tools\Binn\;C:\Users\Quentin Mayo\Desktop\Eclipse;
USERNAME=Quentin Mayo
OS=Windows_NT
PROCESSOR_IDENTIFIER=Intel64 Family 6 Model 42 Stepping 7, GenuineIntel



---------------  S Y S T E M  ---------------

OS: Windows 7 , 64 bit Build 7601 Service Pack 1

CPU:total 4 (4 cores per cpu, 1 threads per core) family 6 model 42 stepping 7, cmov, cx8, fxsr, mmx, sse, sse2, sse3, ssse3, sse4.1, sse4.2, popcnt, avx, tsc, tscinvbit

Memory: 4k page, physical 8344472k(4804908k free), swap 16687080k(12457796k free)

vm_info: Java HotSpot(TM) 64-Bit Server VM (23.25-b01) for windows-amd64 JRE (1.7.0_25-b17), built on Jun 21 2013 12:58:32 by "java_re" with unknown MS VC++:1600

time: Thu Feb 20 18:21:33 2014
elapsed time: 85 seconds

